2025-09-12T10:39:34.260-06:00  INFO 15164 --- [proyecto-paradigmas] [main] c.a.u.p.ProyectoParadigmasApplication    : Starting ProyectoParadigmasApplication using Java 22.0.2 with PID 15164 (C:\Users\ian19\Desktop\UNA\1 - Paradigmas de Programación\5 - Agosto 18 - Práctica Quiz\proyecto-paradigmas\target\classes started by ian19 in C:\Users\ian19\Desktop\UNA\1 - Paradigmas de Programación\5 - Agosto 18 - Práctica Quiz\proyecto-paradigmas)
2025-09-12T10:39:34.267-06:00  INFO 15164 --- [proyecto-paradigmas] [main] c.a.u.p.ProyectoParadigmasApplication    : No active profile set, falling back to 1 default profile: "default"
2025-09-12T10:39:34.955-06:00  INFO 15164 --- [proyecto-paradigmas] [main] .s.d.r.c.RepositoryConfigurationDelegate : Bootstrapping Spring Data JPA repositories in DEFAULT mode.
2025-09-12T10:39:35.018-06:00  INFO 15164 --- [proyecto-paradigmas] [main] .s.d.r.c.RepositoryConfigurationDelegate : Finished Spring Data repository scanning in 53 ms. Found 1 JPA repository interface.
2025-09-12T10:39:35.481-06:00  INFO 15164 --- [proyecto-paradigmas] [main] o.s.b.w.embedded.tomcat.TomcatWebServer  : Tomcat initialized with port 8080 (http)
2025-09-12T10:39:35.495-06:00  INFO 15164 --- [proyecto-paradigmas] [main] o.apache.catalina.core.StandardService   : Starting service [Tomcat]
2025-09-12T10:39:35.495-06:00  INFO 15164 --- [proyecto-paradigmas] [main] o.apache.catalina.core.StandardEngine    : Starting Servlet engine: [Apache Tomcat/10.1.44]
2025-09-12T10:39:35.559-06:00  INFO 15164 --- [proyecto-paradigmas] [main] o.a.c.c.C.[Tomcat].[localhost].[/]       : Initializing Spring embedded WebApplicationContext
2025-09-12T10:39:35.559-06:00  INFO 15164 --- [proyecto-paradigmas] [main] w.s.c.ServletWebServerApplicationContext : Root WebApplicationContext: initialization completed in 1241 ms
2025-09-12T10:39:35.675-06:00  INFO 15164 --- [proyecto-paradigmas] [main] com.zaxxer.hikari.HikariDataSource       : HikariPool-1 - Starting...
2025-09-12T10:39:35.933-06:00  INFO 15164 --- [proyecto-paradigmas] [main] com.zaxxer.hikari.pool.HikariPool        : HikariPool-1 - Added connection conn0: url=jdbc:h2:mem:91ee3ff8-f72a-437c-af68-900f750421cd user=SA
2025-09-12T10:39:35.938-06:00  INFO 15164 --- [proyecto-paradigmas] [main] com.zaxxer.hikari.HikariDataSource       : HikariPool-1 - Start completed.
2025-09-12T10:39:35.992-06:00  INFO 15164 --- [proyecto-paradigmas] [main] o.hibernate.jpa.internal.util.LogHelper  : HHH000204: Processing PersistenceUnitInfo [name: default]
2025-09-12T10:39:36.071-06:00  INFO 15164 --- [proyecto-paradigmas] [main] org.hibernate.Version                    : HHH000412: Hibernate ORM core version 6.6.26.Final
2025-09-12T10:39:36.113-06:00  INFO 15164 --- [proyecto-paradigmas] [main] o.h.c.internal.RegionFactoryInitiator    : HHH000026: Second-level cache disabled
2025-09-12T10:39:36.505-06:00  INFO 15164 --- [proyecto-paradigmas] [main] o.s.o.j.p.SpringPersistenceUnitInfo      : No LoadTimeWeaver setup: ignoring JPA class transformer
2025-09-12T10:39:36.604-06:00  INFO 15164 --- [proyecto-paradigmas] [main] org.hibernate.orm.connections.pooling    : HHH10001005: Database info:
	Database JDBC URL [Connecting through datasource 'HikariDataSource (HikariPool-1)']
	Database driver: undefined/unknown
	Database version: 2.3.232
	Autocommit mode: undefined/unknown
	Isolation level: undefined/unknown
	Minimum pool size: undefined/unknown
	Maximum pool size: undefined/unknown
2025-09-12T10:39:37.446-06:00  INFO 15164 --- [proyecto-paradigmas] [main] o.h.e.t.j.p.i.JtaPlatformInitiator       : HHH000489: No JTA platform available (set 'hibernate.transaction.jta.platform' to enable JTA platform integration)
2025-09-12T10:39:37.490-06:00  INFO 15164 --- [proyecto-paradigmas] [main] j.LocalContainerEntityManagerFactoryBean : Initialized JPA EntityManagerFactory for persistence unit 'default'
2025-09-12T10:39:37.698-06:00  WARN 15164 --- [proyecto-paradigmas] [main] JpaBaseConfiguration$JpaWebConfiguration : spring.jpa.open-in-view is enabled by default. Therefore, database queries may be performed during view rendering. Explicitly configure spring.jpa.open-in-view to disable this warning
2025-09-12T10:39:38.064-06:00  INFO 15164 --- [proyecto-paradigmas] [main] o.s.b.w.embedded.tomcat.TomcatWebServer  : Tomcat started on port 8080 (http) with context path '/'
2025-09-12T10:39:38.072-06:00  INFO 15164 --- [proyecto-paradigmas] [main] c.a.u.p.ProyectoParadigmasApplication    : Started ProyectoParadigmasApplication in 4.35 seconds (process running for 5.142)
2025-09-12T10:39:56.451-06:00  INFO 15164 --- [proyecto-paradigmas] [SpringApplicationShutdownHook] o.s.b.w.e.tomcat.GracefulShutdown        : Commencing graceful shutdown. Waiting for active requests to complete
2025-09-12T10:39:56.459-06:00  INFO 15164 --- [proyecto-paradigmas] [tomcat-shutdown] o.s.b.w.e.tomcat.GracefulShutdown        : Graceful shutdown complete
2025-09-12T10:39:56.462-06:00  INFO 15164 --- [proyecto-paradigmas] [SpringApplicationShutdownHook] j.LocalContainerEntityManagerFactoryBean : Closing JPA EntityManagerFactory for persistence unit 'default'
2025-09-12T10:39:56.466-06:00  INFO 15164 --- [proyecto-paradigmas] [SpringApplicationShutdownHook] com.zaxxer.hikari.HikariDataSource       : HikariPool-1 - Shutdown initiated...
2025-09-12T10:39:56.468-06:00  INFO 15164 --- [proyecto-paradigmas] [SpringApplicationShutdownHook] com.zaxxer.hikari.HikariDataSource       : HikariPool-1 - Shutdown completed.
2025-09-12T10:39:58.761-06:00  INFO 33956 --- [proyecto-paradigmas] [main] c.a.u.p.ProyectoParadigmasApplication    : Starting ProyectoParadigmasApplication using Java 22.0.2 with PID 33956 (C:\Users\ian19\Desktop\UNA\1 - Paradigmas de Programación\5 - Agosto 18 - Práctica Quiz\proyecto-paradigmas\target\classes started by ian19 in C:\Users\ian19\Desktop\UNA\1 - Paradigmas de Programación\5 - Agosto 18 - Práctica Quiz\proyecto-paradigmas)
2025-09-12T10:39:58.763-06:00  INFO 33956 --- [proyecto-paradigmas] [main] c.a.u.p.ProyectoParadigmasApplication    : No active profile set, falling back to 1 default profile: "default"
2025-09-12T10:39:59.308-06:00  INFO 33956 --- [proyecto-paradigmas] [main] .s.d.r.c.RepositoryConfigurationDelegate : Bootstrapping Spring Data JPA repositories in DEFAULT mode.
2025-09-12T10:39:59.362-06:00  INFO 33956 --- [proyecto-paradigmas] [main] .s.d.r.c.RepositoryConfigurationDelegate : Finished Spring Data repository scanning in 47 ms. Found 1 JPA repository interface.
2025-09-12T10:39:59.732-06:00  INFO 33956 --- [proyecto-paradigmas] [main] o.s.b.w.embedded.tomcat.TomcatWebServer  : Tomcat initialized with port 8080 (http)
2025-09-12T10:39:59.746-06:00  INFO 33956 --- [proyecto-paradigmas] [main] o.apache.catalina.core.StandardService   : Starting service [Tomcat]
2025-09-12T10:39:59.747-06:00  INFO 33956 --- [proyecto-paradigmas] [main] o.apache.catalina.core.StandardEngine    : Starting Servlet engine: [Apache Tomcat/10.1.44]
2025-09-12T10:39:59.793-06:00  INFO 33956 --- [proyecto-paradigmas] [main] o.a.c.c.C.[Tomcat].[localhost].[/]       : Initializing Spring embedded WebApplicationContext
2025-09-12T10:39:59.794-06:00  INFO 33956 --- [proyecto-paradigmas] [main] w.s.c.ServletWebServerApplicationContext : Root WebApplicationContext: initialization completed in 988 ms
2025-09-12T10:39:59.910-06:00  INFO 33956 --- [proyecto-paradigmas] [main] com.zaxxer.hikari.HikariDataSource       : HikariPool-1 - Starting...
2025-09-12T10:40:00.116-06:00  INFO 33956 --- [proyecto-paradigmas] [main] com.zaxxer.hikari.pool.HikariPool        : HikariPool-1 - Added connection conn0: url=jdbc:h2:mem:3c0495bb-7b80-415f-8e08-adf836149862 user=SA
2025-09-12T10:40:00.118-06:00  INFO 33956 --- [proyecto-paradigmas] [main] com.zaxxer.hikari.HikariDataSource       : HikariPool-1 - Start completed.
2025-09-12T10:40:00.162-06:00  INFO 33956 --- [proyecto-paradigmas] [main] o.hibernate.jpa.internal.util.LogHelper  : HHH000204: Processing PersistenceUnitInfo [name: default]
2025-09-12T10:40:00.209-06:00  INFO 33956 --- [proyecto-paradigmas] [main] org.hibernate.Version                    : HHH000412: Hibernate ORM core version 6.6.26.Final
2025-09-12T10:40:00.242-06:00  INFO 33956 --- [proyecto-paradigmas] [main] o.h.c.internal.RegionFactoryInitiator    : HHH000026: Second-level cache disabled
2025-09-12T10:40:00.492-06:00  INFO 33956 --- [proyecto-paradigmas] [main] o.s.o.j.p.SpringPersistenceUnitInfo      : No LoadTimeWeaver setup: ignoring JPA class transformer
2025-09-12T10:40:00.560-06:00  INFO 33956 --- [proyecto-paradigmas] [main] org.hibernate.orm.connections.pooling    : HHH10001005: Database info:
	Database JDBC URL [Connecting through datasource 'HikariDataSource (HikariPool-1)']
	Database driver: undefined/unknown
	Database version: 2.3.232
	Autocommit mode: undefined/unknown
	Isolation level: undefined/unknown
	Minimum pool size: undefined/unknown
	Maximum pool size: undefined/unknown
2025-09-12T10:40:01.255-06:00  INFO 33956 --- [proyecto-paradigmas] [main] o.h.e.t.j.p.i.JtaPlatformInitiator       : HHH000489: No JTA platform available (set 'hibernate.transaction.jta.platform' to enable JTA platform integration)
2025-09-12T10:40:01.292-06:00  INFO 33956 --- [proyecto-paradigmas] [main] j.LocalContainerEntityManagerFactoryBean : Initialized JPA EntityManagerFactory for persistence unit 'default'
2025-09-12T10:40:01.450-06:00  WARN 33956 --- [proyecto-paradigmas] [main] JpaBaseConfiguration$JpaWebConfiguration : spring.jpa.open-in-view is enabled by default. Therefore, database queries may be performed during view rendering. Explicitly configure spring.jpa.open-in-view to disable this warning
2025-09-12T10:40:01.830-06:00  INFO 33956 --- [proyecto-paradigmas] [main] o.s.b.w.embedded.tomcat.TomcatWebServer  : Tomcat started on port 8080 (http) with context path '/'
2025-09-12T10:40:01.835-06:00  INFO 33956 --- [proyecto-paradigmas] [main] c.a.u.p.ProyectoParadigmasApplication    : Started ProyectoParadigmasApplication in 3.544 seconds (process running for 4.167)
2025-09-12T10:40:27.853-06:00  INFO 33956 --- [proyecto-paradigmas] [http-nio-8080-exec-1] o.a.c.c.C.[Tomcat].[localhost].[/]       : Initializing Spring DispatcherServlet 'dispatcherServlet'
2025-09-12T10:40:27.855-06:00  INFO 33956 --- [proyecto-paradigmas] [http-nio-8080-exec-1] o.s.web.servlet.DispatcherServlet        : Initializing Servlet 'dispatcherServlet'
2025-09-12T10:40:27.865-06:00  INFO 33956 --- [proyecto-paradigmas] [http-nio-8080-exec-1] o.s.web.servlet.DispatcherServlet        : Completed initialization in 10 ms
2025-09-12T10:46:01.350-06:00  INFO 33956 --- [proyecto-paradigmas] [SpringApplicationShutdownHook] o.s.b.w.e.tomcat.GracefulShutdown        : Commencing graceful shutdown. Waiting for active requests to complete
2025-09-12T10:46:01.408-06:00  INFO 33956 --- [proyecto-paradigmas] [tomcat-shutdown] o.s.b.w.e.tomcat.GracefulShutdown        : Graceful shutdown complete
2025-09-12T10:46:01.454-06:00  INFO 33956 --- [proyecto-paradigmas] [SpringApplicationShutdownHook] j.LocalContainerEntityManagerFactoryBean : Closing JPA EntityManagerFactory for persistence unit 'default'
2025-09-12T10:46:01.521-06:00  INFO 33956 --- [proyecto-paradigmas] [SpringApplicationShutdownHook] com.zaxxer.hikari.HikariDataSource       : HikariPool-1 - Shutdown initiated...
2025-09-12T10:46:01.532-06:00  INFO 33956 --- [proyecto-paradigmas] [SpringApplicationShutdownHook] com.zaxxer.hikari.HikariDataSource       : HikariPool-1 - Shutdown completed.
2025-09-12T10:46:04.743-06:00  INFO 30632 --- [proyecto-paradigmas] [main] c.a.u.p.ProyectoParadigmasApplication    : Starting ProyectoParadigmasApplication using Java 22.0.2 with PID 30632 (C:\Users\ian19\Desktop\UNA\1 - Paradigmas de Programación\5 - Agosto 18 - Práctica Quiz\proyecto-paradigmas\target\classes started by ian19 in C:\Users\ian19\Desktop\UNA\1 - Paradigmas de Programación\5 - Agosto 18 - Práctica Quiz\proyecto-paradigmas)
2025-09-12T10:46:04.745-06:00  INFO 30632 --- [proyecto-paradigmas] [main] c.a.u.p.ProyectoParadigmasApplication    : No active profile set, falling back to 1 default profile: "default"
2025-09-12T10:46:05.464-06:00  INFO 30632 --- [proyecto-paradigmas] [main] .s.d.r.c.RepositoryConfigurationDelegate : Bootstrapping Spring Data JPA repositories in DEFAULT mode.
2025-09-12T10:46:05.538-06:00  INFO 30632 --- [proyecto-paradigmas] [main] .s.d.r.c.RepositoryConfigurationDelegate : Finished Spring Data repository scanning in 62 ms. Found 1 JPA repository interface.
2025-09-12T10:46:05.970-06:00  INFO 30632 --- [proyecto-paradigmas] [main] o.s.b.w.embedded.tomcat.TomcatWebServer  : Tomcat initialized with port 8080 (http)
2025-09-12T10:46:05.987-06:00  INFO 30632 --- [proyecto-paradigmas] [main] o.apache.catalina.core.StandardService   : Starting service [Tomcat]
2025-09-12T10:46:05.987-06:00  INFO 30632 --- [proyecto-paradigmas] [main] o.apache.catalina.core.StandardEngine    : Starting Servlet engine: [Apache Tomcat/10.1.44]
2025-09-12T10:46:06.044-06:00  INFO 30632 --- [proyecto-paradigmas] [main] o.a.c.c.C.[Tomcat].[localhost].[/]       : Initializing Spring embedded WebApplicationContext
2025-09-12T10:46:06.044-06:00  INFO 30632 --- [proyecto-paradigmas] [main] w.s.c.ServletWebServerApplicationContext : Root WebApplicationContext: initialization completed in 1258 ms
2025-09-12T10:46:06.244-06:00  INFO 30632 --- [proyecto-paradigmas] [main] o.hibernate.jpa.internal.util.LogHelper  : HHH000204: Processing PersistenceUnitInfo [name: default]
2025-09-12T10:46:06.324-06:00  INFO 30632 --- [proyecto-paradigmas] [main] org.hibernate.Version                    : HHH000412: Hibernate ORM core version 6.6.26.Final
2025-09-12T10:46:06.368-06:00  INFO 30632 --- [proyecto-paradigmas] [main] o.h.c.internal.RegionFactoryInitiator    : HHH000026: Second-level cache disabled
2025-09-12T10:46:06.768-06:00  INFO 30632 --- [proyecto-paradigmas] [main] o.s.o.j.p.SpringPersistenceUnitInfo      : No LoadTimeWeaver setup: ignoring JPA class transformer
2025-09-12T10:46:06.806-06:00  INFO 30632 --- [proyecto-paradigmas] [main] com.zaxxer.hikari.HikariDataSource       : HikariPool-1 - Starting...
2025-09-12T10:46:07.472-06:00  INFO 30632 --- [proyecto-paradigmas] [main] com.zaxxer.hikari.pool.HikariPool        : HikariPool-1 - Added connection com.mysql.cj.jdbc.ConnectionImpl@87aec6a
2025-09-12T10:46:07.475-06:00  INFO 30632 --- [proyecto-paradigmas] [main] com.zaxxer.hikari.HikariDataSource       : HikariPool-1 - Start completed.
2025-09-12T10:46:07.708-06:00  INFO 30632 --- [proyecto-paradigmas] [main] org.hibernate.orm.connections.pooling    : HHH10001005: Database info:
	Database JDBC URL [Connecting through datasource 'HikariDataSource (HikariPool-1)']
	Database driver: undefined/unknown
	Database version: 9.3
	Autocommit mode: undefined/unknown
	Isolation level: undefined/unknown
	Minimum pool size: undefined/unknown
	Maximum pool size: undefined/unknown
2025-09-12T10:46:08.670-06:00  INFO 30632 --- [proyecto-paradigmas] [main] o.h.e.t.j.p.i.JtaPlatformInitiator       : HHH000489: No JTA platform available (set 'hibernate.transaction.jta.platform' to enable JTA platform integration)
2025-09-12T10:46:09.003-06:00  INFO 30632 --- [proyecto-paradigmas] [main] j.LocalContainerEntityManagerFactoryBean : Initialized JPA EntityManagerFactory for persistence unit 'default'
2025-09-12T10:46:09.256-06:00  WARN 30632 --- [proyecto-paradigmas] [main] JpaBaseConfiguration$JpaWebConfiguration : spring.jpa.open-in-view is enabled by default. Therefore, database queries may be performed during view rendering. Explicitly configure spring.jpa.open-in-view to disable this warning
2025-09-12T10:46:09.653-06:00  INFO 30632 --- [proyecto-paradigmas] [main] o.s.b.w.embedded.tomcat.TomcatWebServer  : Tomcat started on port 8080 (http) with context path '/'
2025-09-12T10:46:09.659-06:00  INFO 30632 --- [proyecto-paradigmas] [main] c.a.u.p.ProyectoParadigmasApplication    : Started ProyectoParadigmasApplication in 5.476 seconds (process running for 6.285)
2025-09-12T11:02:51.335-06:00  INFO 30632 --- [proyecto-paradigmas] [http-nio-8080-exec-1] o.a.c.c.C.[Tomcat].[localhost].[/]       : Initializing Spring DispatcherServlet 'dispatcherServlet'
2025-09-12T11:02:51.349-06:00  INFO 30632 --- [proyecto-paradigmas] [http-nio-8080-exec-1] o.s.web.servlet.DispatcherServlet        : Initializing Servlet 'dispatcherServlet'
2025-09-12T11:02:51.398-06:00  INFO 30632 --- [proyecto-paradigmas] [http-nio-8080-exec-1] o.s.web.servlet.DispatcherServlet        : Completed initialization in 47 ms
2025-09-12T11:04:23.395-06:00  INFO 30632 --- [proyecto-paradigmas] [SpringApplicationShutdownHook] o.s.b.w.e.tomcat.GracefulShutdown        : Commencing graceful shutdown. Waiting for active requests to complete
2025-09-12T11:04:23.422-06:00  INFO 30632 --- [proyecto-paradigmas] [tomcat-shutdown] o.s.b.w.e.tomcat.GracefulShutdown        : Graceful shutdown complete
2025-09-12T11:04:23.455-06:00  INFO 30632 --- [proyecto-paradigmas] [SpringApplicationShutdownHook] j.LocalContainerEntityManagerFactoryBean : Closing JPA EntityManagerFactory for persistence unit 'default'
2025-09-12T11:04:23.471-06:00  INFO 30632 --- [proyecto-paradigmas] [SpringApplicationShutdownHook] com.zaxxer.hikari.HikariDataSource       : HikariPool-1 - Shutdown initiated...
2025-09-12T11:04:23.514-06:00  INFO 30632 --- [proyecto-paradigmas] [SpringApplicationShutdownHook] com.zaxxer.hikari.HikariDataSource       : HikariPool-1 - Shutdown completed.
2025-09-12T11:04:27.943-06:00  INFO 23504 --- [proyecto-paradigmas] [main] c.a.u.p.ProyectoParadigmasApplication    : Starting ProyectoParadigmasApplication using Java 22.0.2 with PID 23504 (C:\Users\ian19\Desktop\UNA\1 - Paradigmas de Programación\5 - Agosto 18 - Práctica Quiz\proyecto-paradigmas\target\classes started by ian19 in C:\Users\ian19\Desktop\UNA\1 - Paradigmas de Programación\5 - Agosto 18 - Práctica Quiz\proyecto-paradigmas)
2025-09-12T11:04:27.947-06:00  INFO 23504 --- [proyecto-paradigmas] [main] c.a.u.p.ProyectoParadigmasApplication    : No active profile set, falling back to 1 default profile: "default"
2025-09-12T11:04:28.610-06:00  INFO 23504 --- [proyecto-paradigmas] [main] .s.d.r.c.RepositoryConfigurationDelegate : Bootstrapping Spring Data JPA repositories in DEFAULT mode.
2025-09-12T11:04:28.670-06:00  INFO 23504 --- [proyecto-paradigmas] [main] .s.d.r.c.RepositoryConfigurationDelegate : Finished Spring Data repository scanning in 52 ms. Found 1 JPA repository interface.
2025-09-12T11:04:29.158-06:00  INFO 23504 --- [proyecto-paradigmas] [main] o.s.b.w.embedded.tomcat.TomcatWebServer  : Tomcat initialized with port 8080 (http)
2025-09-12T11:04:29.178-06:00  INFO 23504 --- [proyecto-paradigmas] [main] o.apache.catalina.core.StandardService   : Starting service [Tomcat]
2025-09-12T11:04:29.179-06:00  INFO 23504 --- [proyecto-paradigmas] [main] o.apache.catalina.core.StandardEngine    : Starting Servlet engine: [Apache Tomcat/10.1.44]
2025-09-12T11:04:29.242-06:00  INFO 23504 --- [proyecto-paradigmas] [main] o.a.c.c.C.[Tomcat].[localhost].[/]       : Initializing Spring embedded WebApplicationContext
2025-09-12T11:04:29.243-06:00  INFO 23504 --- [proyecto-paradigmas] [main] w.s.c.ServletWebServerApplicationContext : Root WebApplicationContext: initialization completed in 1255 ms
2025-09-12T11:04:29.436-06:00  INFO 23504 --- [proyecto-paradigmas] [main] o.hibernate.jpa.internal.util.LogHelper  : HHH000204: Processing PersistenceUnitInfo [name: default]
2025-09-12T11:04:29.519-06:00  INFO 23504 --- [proyecto-paradigmas] [main] org.hibernate.Version                    : HHH000412: Hibernate ORM core version 6.6.26.Final
2025-09-12T11:04:29.562-06:00  INFO 23504 --- [proyecto-paradigmas] [main] o.h.c.internal.RegionFactoryInitiator    : HHH000026: Second-level cache disabled
2025-09-12T11:04:29.914-06:00  INFO 23504 --- [proyecto-paradigmas] [main] o.s.o.j.p.SpringPersistenceUnitInfo      : No LoadTimeWeaver setup: ignoring JPA class transformer
2025-09-12T11:04:29.944-06:00  INFO 23504 --- [proyecto-paradigmas] [main] com.zaxxer.hikari.HikariDataSource       : HikariPool-1 - Starting...
2025-09-12T11:04:30.405-06:00  INFO 23504 --- [proyecto-paradigmas] [main] com.zaxxer.hikari.pool.HikariPool        : HikariPool-1 - Added connection com.mysql.cj.jdbc.ConnectionImpl@5529522f
2025-09-12T11:04:30.408-06:00  INFO 23504 --- [proyecto-paradigmas] [main] com.zaxxer.hikari.HikariDataSource       : HikariPool-1 - Start completed.
2025-09-12T11:04:30.538-06:00  INFO 23504 --- [proyecto-paradigmas] [main] org.hibernate.orm.connections.pooling    : HHH10001005: Database info:
	Database JDBC URL [Connecting through datasource 'HikariDataSource (HikariPool-1)']
	Database driver: undefined/unknown
	Database version: 9.3
	Autocommit mode: undefined/unknown
	Isolation level: undefined/unknown
	Minimum pool size: undefined/unknown
	Maximum pool size: undefined/unknown
2025-09-12T11:04:31.379-06:00  INFO 23504 --- [proyecto-paradigmas] [main] o.h.e.t.j.p.i.JtaPlatformInitiator       : HHH000489: No JTA platform available (set 'hibernate.transaction.jta.platform' to enable JTA platform integration)
2025-09-12T11:04:31.500-06:00  INFO 23504 --- [proyecto-paradigmas] [main] j.LocalContainerEntityManagerFactoryBean : Initialized JPA EntityManagerFactory for persistence unit 'default'
2025-09-12T11:04:31.695-06:00  WARN 23504 --- [proyecto-paradigmas] [main] JpaBaseConfiguration$JpaWebConfiguration : spring.jpa.open-in-view is enabled by default. Therefore, database queries may be performed during view rendering. Explicitly configure spring.jpa.open-in-view to disable this warning
2025-09-12T11:04:32.037-06:00  INFO 23504 --- [proyecto-paradigmas] [main] o.s.b.w.embedded.tomcat.TomcatWebServer  : Tomcat started on port 8080 (http) with context path '/'
2025-09-12T11:04:32.045-06:00  INFO 23504 --- [proyecto-paradigmas] [main] c.a.u.p.ProyectoParadigmasApplication    : Started ProyectoParadigmasApplication in 4.695 seconds (process running for 5.573)
2025-09-12T11:04:36.257-06:00  INFO 23504 --- [proyecto-paradigmas] [http-nio-8080-exec-1] o.a.c.c.C.[Tomcat].[localhost].[/]       : Initializing Spring DispatcherServlet 'dispatcherServlet'
2025-09-12T11:04:36.257-06:00  INFO 23504 --- [proyecto-paradigmas] [http-nio-8080-exec-1] o.s.web.servlet.DispatcherServlet        : Initializing Servlet 'dispatcherServlet'
2025-09-12T11:04:36.258-06:00  INFO 23504 --- [proyecto-paradigmas] [http-nio-8080-exec-1] o.s.web.servlet.DispatcherServlet        : Completed initialization in 1 ms
2025-09-12T11:13:53.791-06:00  INFO 23504 --- [proyecto-paradigmas] [SpringApplicationShutdownHook] o.s.b.w.e.tomcat.GracefulShutdown        : Commencing graceful shutdown. Waiting for active requests to complete
2025-09-12T11:13:53.853-06:00  INFO 23504 --- [proyecto-paradigmas] [tomcat-shutdown] o.s.b.w.e.tomcat.GracefulShutdown        : Graceful shutdown complete
2025-09-12T11:13:53.912-06:00  INFO 23504 --- [proyecto-paradigmas] [SpringApplicationShutdownHook] j.LocalContainerEntityManagerFactoryBean : Closing JPA EntityManagerFactory for persistence unit 'default'
2025-09-12T11:13:53.985-06:00  INFO 23504 --- [proyecto-paradigmas] [SpringApplicationShutdownHook] com.zaxxer.hikari.HikariDataSource       : HikariPool-1 - Shutdown initiated...
2025-09-12T11:13:54.093-06:00  INFO 23504 --- [proyecto-paradigmas] [SpringApplicationShutdownHook] com.zaxxer.hikari.HikariDataSource       : HikariPool-1 - Shutdown completed.
2025-09-12T11:13:58.079-06:00  INFO 13136 --- [proyecto-paradigmas] [main] c.a.u.p.ProyectoParadigmasApplication    : Starting ProyectoParadigmasApplication using Java 22.0.2 with PID 13136 (C:\Users\ian19\Desktop\UNA\1 - Paradigmas de Programación\5 - Agosto 18 - Práctica Quiz\proyecto-paradigmas\target\classes started by ian19 in C:\Users\ian19\Desktop\UNA\1 - Paradigmas de Programación\5 - Agosto 18 - Práctica Quiz\proyecto-paradigmas)
2025-09-12T11:13:58.081-06:00  INFO 13136 --- [proyecto-paradigmas] [main] c.a.u.p.ProyectoParadigmasApplication    : No active profile set, falling back to 1 default profile: "default"
2025-09-12T11:13:58.751-06:00  INFO 13136 --- [proyecto-paradigmas] [main] .s.d.r.c.RepositoryConfigurationDelegate : Bootstrapping Spring Data JPA repositories in DEFAULT mode.
2025-09-12T11:13:58.798-06:00  INFO 13136 --- [proyecto-paradigmas] [main] .s.d.r.c.RepositoryConfigurationDelegate : Finished Spring Data repository scanning in 39 ms. Found 1 JPA repository interface.
2025-09-12T11:13:59.178-06:00  INFO 13136 --- [proyecto-paradigmas] [main] o.s.b.w.embedded.tomcat.TomcatWebServer  : Tomcat initialized with port 8080 (http)
2025-09-12T11:13:59.190-06:00  INFO 13136 --- [proyecto-paradigmas] [main] o.apache.catalina.core.StandardService   : Starting service [Tomcat]
2025-09-12T11:13:59.191-06:00  INFO 13136 --- [proyecto-paradigmas] [main] o.apache.catalina.core.StandardEngine    : Starting Servlet engine: [Apache Tomcat/10.1.44]
2025-09-12T11:13:59.234-06:00  INFO 13136 --- [proyecto-paradigmas] [main] o.a.c.c.C.[Tomcat].[localhost].[/]       : Initializing Spring embedded WebApplicationContext
2025-09-12T11:13:59.234-06:00  INFO 13136 --- [proyecto-paradigmas] [main] w.s.c.ServletWebServerApplicationContext : Root WebApplicationContext: initialization completed in 1097 ms
2025-09-12T11:13:59.367-06:00  INFO 13136 --- [proyecto-paradigmas] [main] o.hibernate.jpa.internal.util.LogHelper  : HHH000204: Processing PersistenceUnitInfo [name: default]
2025-09-12T11:13:59.429-06:00  INFO 13136 --- [proyecto-paradigmas] [main] org.hibernate.Version                    : HHH000412: Hibernate ORM core version 6.6.26.Final
2025-09-12T11:13:59.464-06:00  INFO 13136 --- [proyecto-paradigmas] [main] o.h.c.internal.RegionFactoryInitiator    : HHH000026: Second-level cache disabled
2025-09-12T11:13:59.722-06:00  INFO 13136 --- [proyecto-paradigmas] [main] o.s.o.j.p.SpringPersistenceUnitInfo      : No LoadTimeWeaver setup: ignoring JPA class transformer
2025-09-12T11:13:59.746-06:00  INFO 13136 --- [proyecto-paradigmas] [main] com.zaxxer.hikari.HikariDataSource       : HikariPool-1 - Starting...
2025-09-12T11:14:00.128-06:00  INFO 13136 --- [proyecto-paradigmas] [main] com.zaxxer.hikari.pool.HikariPool        : HikariPool-1 - Added connection com.mysql.cj.jdbc.ConnectionImpl@51a719e7
2025-09-12T11:14:00.130-06:00  INFO 13136 --- [proyecto-paradigmas] [main] com.zaxxer.hikari.HikariDataSource       : HikariPool-1 - Start completed.
2025-09-12T11:14:00.229-06:00  INFO 13136 --- [proyecto-paradigmas] [main] org.hibernate.orm.connections.pooling    : HHH10001005: Database info:
	Database JDBC URL [Connecting through datasource 'HikariDataSource (HikariPool-1)']
	Database driver: undefined/unknown
	Database version: 9.3
	Autocommit mode: undefined/unknown
	Isolation level: undefined/unknown
	Minimum pool size: undefined/unknown
	Maximum pool size: undefined/unknown
2025-09-12T11:14:00.866-06:00  INFO 13136 --- [proyecto-paradigmas] [main] o.h.e.t.j.p.i.JtaPlatformInitiator       : HHH000489: No JTA platform available (set 'hibernate.transaction.jta.platform' to enable JTA platform integration)
2025-09-12T11:14:00.946-06:00  INFO 13136 --- [proyecto-paradigmas] [main] j.LocalContainerEntityManagerFactoryBean : Initialized JPA EntityManagerFactory for persistence unit 'default'
2025-09-12T11:14:01.106-06:00  WARN 13136 --- [proyecto-paradigmas] [main] JpaBaseConfiguration$JpaWebConfiguration : spring.jpa.open-in-view is enabled by default. Therefore, database queries may be performed during view rendering. Explicitly configure spring.jpa.open-in-view to disable this warning
2025-09-12T11:14:01.393-06:00  INFO 13136 --- [proyecto-paradigmas] [main] o.s.b.w.embedded.tomcat.TomcatWebServer  : Tomcat started on port 8080 (http) with context path '/'
2025-09-12T11:14:01.398-06:00  INFO 13136 --- [proyecto-paradigmas] [main] c.a.u.p.ProyectoParadigmasApplication    : Started ProyectoParadigmasApplication in 3.868 seconds (process running for 4.645)
2025-09-12T11:14:05.694-06:00  INFO 13136 --- [proyecto-paradigmas] [http-nio-8080-exec-1] o.a.c.c.C.[Tomcat].[localhost].[/]       : Initializing Spring DispatcherServlet 'dispatcherServlet'
2025-09-12T11:14:05.694-06:00  INFO 13136 --- [proyecto-paradigmas] [http-nio-8080-exec-1] o.s.web.servlet.DispatcherServlet        : Initializing Servlet 'dispatcherServlet'
2025-09-12T11:14:05.695-06:00  INFO 13136 --- [proyecto-paradigmas] [http-nio-8080-exec-1] o.s.web.servlet.DispatcherServlet        : Completed initialization in 1 ms
2025-09-12T11:29:06.006-06:00  WARN 13136 --- [proyecto-paradigmas] [http-nio-8080-exec-7] .w.s.m.s.DefaultHandlerExceptionResolver : Resolved [org.springframework.web.HttpRequestMethodNotSupportedException: Request method 'POST' is not supported]
2025-09-12T11:29:57.166-06:00  INFO 13136 --- [proyecto-paradigmas] [SpringApplicationShutdownHook] o.s.b.w.e.tomcat.GracefulShutdown        : Commencing graceful shutdown. Waiting for active requests to complete
2025-09-12T11:29:57.201-06:00  INFO 13136 --- [proyecto-paradigmas] [tomcat-shutdown] o.s.b.w.e.tomcat.GracefulShutdown        : Graceful shutdown complete
2025-09-12T11:29:57.239-06:00  INFO 13136 --- [proyecto-paradigmas] [SpringApplicationShutdownHook] j.LocalContainerEntityManagerFactoryBean : Closing JPA EntityManagerFactory for persistence unit 'default'
2025-09-12T11:29:57.326-06:00  INFO 13136 --- [proyecto-paradigmas] [SpringApplicationShutdownHook] com.zaxxer.hikari.HikariDataSource       : HikariPool-1 - Shutdown initiated...
2025-09-12T11:29:57.407-06:00  INFO 13136 --- [proyecto-paradigmas] [SpringApplicationShutdownHook] com.zaxxer.hikari.HikariDataSource       : HikariPool-1 - Shutdown completed.
2025-09-12T11:30:02.675-06:00  INFO 36664 --- [proyecto-paradigmas] [main] c.a.u.p.ProyectoParadigmasApplication    : Starting ProyectoParadigmasApplication using Java 22.0.2 with PID 36664 (C:\Users\ian19\Desktop\UNA\1 - Paradigmas de Programación\5 - Agosto 18 - Práctica Quiz\proyecto-paradigmas\target\classes started by ian19 in C:\Users\ian19\Desktop\UNA\1 - Paradigmas de Programación\5 - Agosto 18 - Práctica Quiz\proyecto-paradigmas)
2025-09-12T11:30:02.677-06:00  INFO 36664 --- [proyecto-paradigmas] [main] c.a.u.p.ProyectoParadigmasApplication    : No active profile set, falling back to 1 default profile: "default"
2025-09-12T11:30:03.262-06:00  INFO 36664 --- [proyecto-paradigmas] [main] .s.d.r.c.RepositoryConfigurationDelegate : Bootstrapping Spring Data JPA repositories in DEFAULT mode.
2025-09-12T11:30:03.320-06:00  INFO 36664 --- [proyecto-paradigmas] [main] .s.d.r.c.RepositoryConfigurationDelegate : Finished Spring Data repository scanning in 51 ms. Found 1 JPA repository interface.
2025-09-12T11:30:03.720-06:00  INFO 36664 --- [proyecto-paradigmas] [main] o.s.b.w.embedded.tomcat.TomcatWebServer  : Tomcat initialized with port 8080 (http)
2025-09-12T11:30:03.732-06:00  INFO 36664 --- [proyecto-paradigmas] [main] o.apache.catalina.core.StandardService   : Starting service [Tomcat]
2025-09-12T11:30:03.733-06:00  INFO 36664 --- [proyecto-paradigmas] [main] o.apache.catalina.core.StandardEngine    : Starting Servlet engine: [Apache Tomcat/10.1.44]
2025-09-12T11:30:03.780-06:00  INFO 36664 --- [proyecto-paradigmas] [main] o.a.c.c.C.[Tomcat].[localhost].[/]       : Initializing Spring embedded WebApplicationContext
2025-09-12T11:30:03.780-06:00  INFO 36664 --- [proyecto-paradigmas] [main] w.s.c.ServletWebServerApplicationContext : Root WebApplicationContext: initialization completed in 1061 ms
2025-09-12T11:30:03.926-06:00  INFO 36664 --- [proyecto-paradigmas] [main] o.hibernate.jpa.internal.util.LogHelper  : HHH000204: Processing PersistenceUnitInfo [name: default]
2025-09-12T11:30:03.992-06:00  INFO 36664 --- [proyecto-paradigmas] [main] org.hibernate.Version                    : HHH000412: Hibernate ORM core version 6.6.26.Final
2025-09-12T11:30:04.034-06:00  INFO 36664 --- [proyecto-paradigmas] [main] o.h.c.internal.RegionFactoryInitiator    : HHH000026: Second-level cache disabled
2025-09-12T11:30:04.403-06:00  INFO 36664 --- [proyecto-paradigmas] [main] o.s.o.j.p.SpringPersistenceUnitInfo      : No LoadTimeWeaver setup: ignoring JPA class transformer
2025-09-12T11:30:04.433-06:00  INFO 36664 --- [proyecto-paradigmas] [main] com.zaxxer.hikari.HikariDataSource       : HikariPool-1 - Starting...
2025-09-12T11:30:04.938-06:00  INFO 36664 --- [proyecto-paradigmas] [main] com.zaxxer.hikari.pool.HikariPool        : HikariPool-1 - Added connection com.mysql.cj.jdbc.ConnectionImpl@42f9873e
2025-09-12T11:30:04.940-06:00  INFO 36664 --- [proyecto-paradigmas] [main] com.zaxxer.hikari.HikariDataSource       : HikariPool-1 - Start completed.
2025-09-12T11:30:05.167-06:00  INFO 36664 --- [proyecto-paradigmas] [main] org.hibernate.orm.connections.pooling    : HHH10001005: Database info:
	Database JDBC URL [Connecting through datasource 'HikariDataSource (HikariPool-1)']
	Database driver: undefined/unknown
	Database version: 9.3
	Autocommit mode: undefined/unknown
	Isolation level: undefined/unknown
	Minimum pool size: undefined/unknown
	Maximum pool size: undefined/unknown
2025-09-12T11:30:05.942-06:00  INFO 36664 --- [proyecto-paradigmas] [main] o.h.e.t.j.p.i.JtaPlatformInitiator       : HHH000489: No JTA platform available (set 'hibernate.transaction.jta.platform' to enable JTA platform integration)
2025-09-12T11:30:06.031-06:00  INFO 36664 --- [proyecto-paradigmas] [main] j.LocalContainerEntityManagerFactoryBean : Initialized JPA EntityManagerFactory for persistence unit 'default'
2025-09-12T11:30:06.187-06:00  WARN 36664 --- [proyecto-paradigmas] [main] JpaBaseConfiguration$JpaWebConfiguration : spring.jpa.open-in-view is enabled by default. Therefore, database queries may be performed during view rendering. Explicitly configure spring.jpa.open-in-view to disable this warning
2025-09-12T11:30:06.508-06:00  INFO 36664 --- [proyecto-paradigmas] [main] o.s.b.w.embedded.tomcat.TomcatWebServer  : Tomcat started on port 8080 (http) with context path '/'
2025-09-12T11:30:06.512-06:00  INFO 36664 --- [proyecto-paradigmas] [main] c.a.u.p.ProyectoParadigmasApplication    : Started ProyectoParadigmasApplication in 4.235 seconds (process running for 4.8)
2025-09-12T11:30:11.926-06:00  INFO 36664 --- [proyecto-paradigmas] [http-nio-8080-exec-6] o.a.c.c.C.[Tomcat].[localhost].[/]       : Initializing Spring DispatcherServlet 'dispatcherServlet'
2025-09-12T11:30:11.926-06:00  INFO 36664 --- [proyecto-paradigmas] [http-nio-8080-exec-6] o.s.web.servlet.DispatcherServlet        : Initializing Servlet 'dispatcherServlet'
2025-09-12T11:30:11.927-06:00  INFO 36664 --- [proyecto-paradigmas] [http-nio-8080-exec-6] o.s.web.servlet.DispatcherServlet        : Completed initialization in 1 ms
2025-09-12T11:51:45.009-06:00  INFO 36664 --- [proyecto-paradigmas] [SpringApplicationShutdownHook] o.s.b.w.e.tomcat.GracefulShutdown        : Commencing graceful shutdown. Waiting for active requests to complete
2025-09-12T11:51:45.098-06:00  INFO 36664 --- [proyecto-paradigmas] [tomcat-shutdown] o.s.b.w.e.tomcat.GracefulShutdown        : Graceful shutdown complete
2025-09-12T11:51:45.178-06:00  INFO 36664 --- [proyecto-paradigmas] [SpringApplicationShutdownHook] j.LocalContainerEntityManagerFactoryBean : Closing JPA EntityManagerFactory for persistence unit 'default'
2025-09-12T11:51:45.252-06:00  INFO 36664 --- [proyecto-paradigmas] [SpringApplicationShutdownHook] com.zaxxer.hikari.HikariDataSource       : HikariPool-1 - Shutdown initiated...
2025-09-12T11:51:45.379-06:00  INFO 36664 --- [proyecto-paradigmas] [SpringApplicationShutdownHook] com.zaxxer.hikari.HikariDataSource       : HikariPool-1 - Shutdown completed.
2025-09-12T11:51:51.119-06:00  INFO 34784 --- [proyecto-paradigmas] [main] c.a.u.p.ProyectoParadigmasApplication    : Starting ProyectoParadigmasApplication using Java 22.0.2 with PID 34784 (C:\Users\ian19\Desktop\UNA\1 - Paradigmas de Programación\5 - Agosto 18 - Práctica Quiz\proyecto-paradigmas\target\classes started by ian19 in C:\Users\ian19\Desktop\UNA\1 - Paradigmas de Programación\5 - Agosto 18 - Práctica Quiz\proyecto-paradigmas)
2025-09-12T11:51:51.122-06:00  INFO 34784 --- [proyecto-paradigmas] [main] c.a.u.p.ProyectoParadigmasApplication    : No active profile set, falling back to 1 default profile: "default"
2025-09-12T11:51:52.082-06:00  INFO 34784 --- [proyecto-paradigmas] [main] .s.d.r.c.RepositoryConfigurationDelegate : Bootstrapping Spring Data JPA repositories in DEFAULT mode.
2025-09-12T11:51:52.133-06:00  INFO 34784 --- [proyecto-paradigmas] [main] .s.d.r.c.RepositoryConfigurationDelegate : Finished Spring Data repository scanning in 44 ms. Found 1 JPA repository interface.
2025-09-12T11:51:52.742-06:00  INFO 34784 --- [proyecto-paradigmas] [main] o.s.b.w.embedded.tomcat.TomcatWebServer  : Tomcat initialized with port 8080 (http)
2025-09-12T11:51:52.756-06:00  INFO 34784 --- [proyecto-paradigmas] [main] o.apache.catalina.core.StandardService   : Starting service [Tomcat]
2025-09-12T11:51:52.756-06:00  INFO 34784 --- [proyecto-paradigmas] [main] o.apache.catalina.core.StandardEngine    : Starting Servlet engine: [Apache Tomcat/10.1.44]
2025-09-12T11:51:52.804-06:00  INFO 34784 --- [proyecto-paradigmas] [main] o.a.c.c.C.[Tomcat].[localhost].[/]       : Initializing Spring embedded WebApplicationContext
2025-09-12T11:51:52.806-06:00  INFO 34784 --- [proyecto-paradigmas] [main] w.s.c.ServletWebServerApplicationContext : Root WebApplicationContext: initialization completed in 1514 ms
2025-09-12T11:51:52.972-06:00  INFO 34784 --- [proyecto-paradigmas] [main] o.hibernate.jpa.internal.util.LogHelper  : HHH000204: Processing PersistenceUnitInfo [name: default]
2025-09-12T11:51:53.043-06:00  INFO 34784 --- [proyecto-paradigmas] [main] org.hibernate.Version                    : HHH000412: Hibernate ORM core version 6.6.26.Final
2025-09-12T11:51:53.087-06:00  INFO 34784 --- [proyecto-paradigmas] [main] o.h.c.internal.RegionFactoryInitiator    : HHH000026: Second-level cache disabled
2025-09-12T11:51:53.368-06:00  INFO 34784 --- [proyecto-paradigmas] [main] o.s.o.j.p.SpringPersistenceUnitInfo      : No LoadTimeWeaver setup: ignoring JPA class transformer
2025-09-12T11:51:53.394-06:00  INFO 34784 --- [proyecto-paradigmas] [main] com.zaxxer.hikari.HikariDataSource       : HikariPool-1 - Starting...
2025-09-12T11:51:53.965-06:00  INFO 34784 --- [proyecto-paradigmas] [main] com.zaxxer.hikari.pool.HikariPool        : HikariPool-1 - Added connection com.mysql.cj.jdbc.ConnectionImpl@429f0ca8
2025-09-12T11:51:53.967-06:00  INFO 34784 --- [proyecto-paradigmas] [main] com.zaxxer.hikari.HikariDataSource       : HikariPool-1 - Start completed.
2025-09-12T11:51:54.169-06:00  INFO 34784 --- [proyecto-paradigmas] [main] org.hibernate.orm.connections.pooling    : HHH10001005: Database info:
	Database JDBC URL [Connecting through datasource 'HikariDataSource (HikariPool-1)']
	Database driver: undefined/unknown
	Database version: 9.3
	Autocommit mode: undefined/unknown
	Isolation level: undefined/unknown
	Minimum pool size: undefined/unknown
	Maximum pool size: undefined/unknown
2025-09-12T11:51:55.113-06:00  INFO 34784 --- [proyecto-paradigmas] [main] o.h.e.t.j.p.i.JtaPlatformInitiator       : HHH000489: No JTA platform available (set 'hibernate.transaction.jta.platform' to enable JTA platform integration)
2025-09-12T11:51:55.288-06:00  INFO 34784 --- [proyecto-paradigmas] [main] j.LocalContainerEntityManagerFactoryBean : Initialized JPA EntityManagerFactory for persistence unit 'default'
2025-09-12T11:51:55.563-06:00  WARN 34784 --- [proyecto-paradigmas] [main] JpaBaseConfiguration$JpaWebConfiguration : spring.jpa.open-in-view is enabled by default. Therefore, database queries may be performed during view rendering. Explicitly configure spring.jpa.open-in-view to disable this warning
2025-09-12T11:51:55.870-06:00  INFO 34784 --- [proyecto-paradigmas] [main] o.s.b.w.embedded.tomcat.TomcatWebServer  : Tomcat started on port 8080 (http) with context path '/'
2025-09-12T11:51:55.877-06:00  INFO 34784 --- [proyecto-paradigmas] [main] c.a.u.p.ProyectoParadigmasApplication    : Started ProyectoParadigmasApplication in 5.323 seconds (process running for 6.03)
2025-09-12T11:52:02.867-06:00  INFO 34784 --- [proyecto-paradigmas] [http-nio-8080-exec-1] o.a.c.c.C.[Tomcat].[localhost].[/]       : Initializing Spring DispatcherServlet 'dispatcherServlet'
2025-09-12T11:52:02.868-06:00  INFO 34784 --- [proyecto-paradigmas] [http-nio-8080-exec-1] o.s.web.servlet.DispatcherServlet        : Initializing Servlet 'dispatcherServlet'
2025-09-12T11:52:02.869-06:00  INFO 34784 --- [proyecto-paradigmas] [http-nio-8080-exec-1] o.s.web.servlet.DispatcherServlet        : Completed initialization in 1 ms
2025-09-12T11:52:02.941-06:00  INFO 34784 --- [proyecto-paradigmas] [http-nio-8080-exec-1] c.a.u.p.aspect.PersonaAspect             : Antes de  ejecutar cualquier método del controller :  findAll
2025-09-12T11:52:03.102-06:00  INFO 34784 --- [proyecto-paradigmas] [http-nio-8080-exec-1] c.a.u.p.aspect.PersonaAspect             : Después de de ejecutar cualquier método del controller : findAll
2025-09-12T11:53:11.198-06:00  INFO 34784 --- [proyecto-paradigmas] [SpringApplicationShutdownHook] o.s.b.w.e.tomcat.GracefulShutdown        : Commencing graceful shutdown. Waiting for active requests to complete
2025-09-12T11:53:11.296-06:00  INFO 34784 --- [proyecto-paradigmas] [tomcat-shutdown] o.s.b.w.e.tomcat.GracefulShutdown        : Graceful shutdown complete
2025-09-12T11:53:11.386-06:00  INFO 34784 --- [proyecto-paradigmas] [SpringApplicationShutdownHook] j.LocalContainerEntityManagerFactoryBean : Closing JPA EntityManagerFactory for persistence unit 'default'
2025-09-12T11:53:11.469-06:00  INFO 34784 --- [proyecto-paradigmas] [SpringApplicationShutdownHook] com.zaxxer.hikari.HikariDataSource       : HikariPool-1 - Shutdown initiated...
2025-09-12T11:53:11.676-06:00  INFO 34784 --- [proyecto-paradigmas] [SpringApplicationShutdownHook] com.zaxxer.hikari.HikariDataSource       : HikariPool-1 - Shutdown completed.
2025-09-12T11:53:15.565-06:00  INFO 24820 --- [proyecto-paradigmas] [main] c.a.u.p.ProyectoParadigmasApplication    : Starting ProyectoParadigmasApplication using Java 22.0.2 with PID 24820 (C:\Users\ian19\Desktop\UNA\1 - Paradigmas de Programación\5 - Agosto 18 - Práctica Quiz\proyecto-paradigmas\target\classes started by ian19 in C:\Users\ian19\Desktop\UNA\1 - Paradigmas de Programación\5 - Agosto 18 - Práctica Quiz\proyecto-paradigmas)
2025-09-12T11:53:15.568-06:00  INFO 24820 --- [proyecto-paradigmas] [main] c.a.u.p.ProyectoParadigmasApplication    : No active profile set, falling back to 1 default profile: "default"
2025-09-12T11:53:16.256-06:00  INFO 24820 --- [proyecto-paradigmas] [main] .s.d.r.c.RepositoryConfigurationDelegate : Bootstrapping Spring Data JPA repositories in DEFAULT mode.
2025-09-12T11:53:16.329-06:00  INFO 24820 --- [proyecto-paradigmas] [main] .s.d.r.c.RepositoryConfigurationDelegate : Finished Spring Data repository scanning in 65 ms. Found 1 JPA repository interface.
2025-09-12T11:53:16.803-06:00  INFO 24820 --- [proyecto-paradigmas] [main] o.s.b.w.embedded.tomcat.TomcatWebServer  : Tomcat initialized with port 8080 (http)
2025-09-12T11:53:16.817-06:00  INFO 24820 --- [proyecto-paradigmas] [main] o.apache.catalina.core.StandardService   : Starting service [Tomcat]
2025-09-12T11:53:16.817-06:00  INFO 24820 --- [proyecto-paradigmas] [main] o.apache.catalina.core.StandardEngine    : Starting Servlet engine: [Apache Tomcat/10.1.44]
2025-09-12T11:53:16.865-06:00  INFO 24820 --- [proyecto-paradigmas] [main] o.a.c.c.C.[Tomcat].[localhost].[/]       : Initializing Spring embedded WebApplicationContext
2025-09-12T11:53:16.865-06:00  INFO 24820 --- [proyecto-paradigmas] [main] w.s.c.ServletWebServerApplicationContext : Root WebApplicationContext: initialization completed in 1261 ms
2025-09-12T11:53:17.025-06:00  INFO 24820 --- [proyecto-paradigmas] [main] o.hibernate.jpa.internal.util.LogHelper  : HHH000204: Processing PersistenceUnitInfo [name: default]
2025-09-12T11:53:17.087-06:00  INFO 24820 --- [proyecto-paradigmas] [main] org.hibernate.Version                    : HHH000412: Hibernate ORM core version 6.6.26.Final
2025-09-12T11:53:17.120-06:00  INFO 24820 --- [proyecto-paradigmas] [main] o.h.c.internal.RegionFactoryInitiator    : HHH000026: Second-level cache disabled
2025-09-12T11:53:17.439-06:00  INFO 24820 --- [proyecto-paradigmas] [main] o.s.o.j.p.SpringPersistenceUnitInfo      : No LoadTimeWeaver setup: ignoring JPA class transformer
2025-09-12T11:53:17.491-06:00  INFO 24820 --- [proyecto-paradigmas] [main] com.zaxxer.hikari.HikariDataSource       : HikariPool-1 - Starting...
2025-09-12T11:53:17.885-06:00  INFO 24820 --- [proyecto-paradigmas] [main] com.zaxxer.hikari.pool.HikariPool        : HikariPool-1 - Added connection com.mysql.cj.jdbc.ConnectionImpl@2b4829aa
2025-09-12T11:53:17.887-06:00  INFO 24820 --- [proyecto-paradigmas] [main] com.zaxxer.hikari.HikariDataSource       : HikariPool-1 - Start completed.
2025-09-12T11:53:17.994-06:00  INFO 24820 --- [proyecto-paradigmas] [main] org.hibernate.orm.connections.pooling    : HHH10001005: Database info:
	Database JDBC URL [Connecting through datasource 'HikariDataSource (HikariPool-1)']
	Database driver: undefined/unknown
	Database version: 9.3
	Autocommit mode: undefined/unknown
	Isolation level: undefined/unknown
	Minimum pool size: undefined/unknown
	Maximum pool size: undefined/unknown
2025-09-12T11:53:18.770-06:00  INFO 24820 --- [proyecto-paradigmas] [main] o.h.e.t.j.p.i.JtaPlatformInitiator       : HHH000489: No JTA platform available (set 'hibernate.transaction.jta.platform' to enable JTA platform integration)
2025-09-12T11:53:18.875-06:00  INFO 24820 --- [proyecto-paradigmas] [main] j.LocalContainerEntityManagerFactoryBean : Initialized JPA EntityManagerFactory for persistence unit 'default'
2025-09-12T11:53:19.118-06:00  WARN 24820 --- [proyecto-paradigmas] [main] JpaBaseConfiguration$JpaWebConfiguration : spring.jpa.open-in-view is enabled by default. Therefore, database queries may be performed during view rendering. Explicitly configure spring.jpa.open-in-view to disable this warning
2025-09-12T11:53:19.448-06:00  INFO 24820 --- [proyecto-paradigmas] [main] o.s.b.w.embedded.tomcat.TomcatWebServer  : Tomcat started on port 8080 (http) with context path '/'
2025-09-12T11:53:19.453-06:00  INFO 24820 --- [proyecto-paradigmas] [main] c.a.u.p.ProyectoParadigmasApplication    : Started ProyectoParadigmasApplication in 4.342 seconds (process running for 5.004)
2025-09-12T11:55:41.063-06:00  INFO 24820 --- [proyecto-paradigmas] [SpringApplicationShutdownHook] o.s.b.w.e.tomcat.GracefulShutdown        : Commencing graceful shutdown. Waiting for active requests to complete
2025-09-12T11:55:41.143-06:00  INFO 24820 --- [proyecto-paradigmas] [tomcat-shutdown] o.s.b.w.e.tomcat.GracefulShutdown        : Graceful shutdown complete
2025-09-12T11:55:41.226-06:00  INFO 24820 --- [proyecto-paradigmas] [SpringApplicationShutdownHook] j.LocalContainerEntityManagerFactoryBean : Closing JPA EntityManagerFactory for persistence unit 'default'
2025-09-12T11:55:41.300-06:00  INFO 24820 --- [proyecto-paradigmas] [SpringApplicationShutdownHook] com.zaxxer.hikari.HikariDataSource       : HikariPool-1 - Shutdown initiated...
2025-09-12T11:55:41.423-06:00  INFO 24820 --- [proyecto-paradigmas] [SpringApplicationShutdownHook] com.zaxxer.hikari.HikariDataSource       : HikariPool-1 - Shutdown completed.
2025-09-12T11:55:45.883-06:00  INFO 35636 --- [proyecto-paradigmas] [main] c.a.u.p.ProyectoParadigmasApplication    : Starting ProyectoParadigmasApplication using Java 22.0.2 with PID 35636 (C:\Users\ian19\Desktop\UNA\1 - Paradigmas de Programación\5 - Agosto 18 - Práctica Quiz\proyecto-paradigmas\target\classes started by ian19 in C:\Users\ian19\Desktop\UNA\1 - Paradigmas de Programación\5 - Agosto 18 - Práctica Quiz\proyecto-paradigmas)
2025-09-12T11:55:45.886-06:00  INFO 35636 --- [proyecto-paradigmas] [main] c.a.u.p.ProyectoParadigmasApplication    : No active profile set, falling back to 1 default profile: "default"
2025-09-12T11:55:46.434-06:00  INFO 35636 --- [proyecto-paradigmas] [main] .s.d.r.c.RepositoryConfigurationDelegate : Bootstrapping Spring Data JPA repositories in DEFAULT mode.
2025-09-12T11:55:46.493-06:00  INFO 35636 --- [proyecto-paradigmas] [main] .s.d.r.c.RepositoryConfigurationDelegate : Finished Spring Data repository scanning in 50 ms. Found 1 JPA repository interface.
2025-09-12T11:55:46.983-06:00  INFO 35636 --- [proyecto-paradigmas] [main] o.s.b.w.embedded.tomcat.TomcatWebServer  : Tomcat initialized with port 8080 (http)
2025-09-12T11:55:47.005-06:00  INFO 35636 --- [proyecto-paradigmas] [main] o.apache.catalina.core.StandardService   : Starting service [Tomcat]
2025-09-12T11:55:47.006-06:00  INFO 35636 --- [proyecto-paradigmas] [main] o.apache.catalina.core.StandardEngine    : Starting Servlet engine: [Apache Tomcat/10.1.44]
2025-09-12T11:55:47.117-06:00  INFO 35636 --- [proyecto-paradigmas] [main] o.a.c.c.C.[Tomcat].[localhost].[/]       : Initializing Spring embedded WebApplicationContext
2025-09-12T11:55:47.118-06:00  INFO 35636 --- [proyecto-paradigmas] [main] w.s.c.ServletWebServerApplicationContext : Root WebApplicationContext: initialization completed in 1189 ms
2025-09-12T11:55:47.392-06:00  INFO 35636 --- [proyecto-paradigmas] [main] o.hibernate.jpa.internal.util.LogHelper  : HHH000204: Processing PersistenceUnitInfo [name: default]
2025-09-12T11:55:47.464-06:00  INFO 35636 --- [proyecto-paradigmas] [main] org.hibernate.Version                    : HHH000412: Hibernate ORM core version 6.6.26.Final
2025-09-12T11:55:47.511-06:00  INFO 35636 --- [proyecto-paradigmas] [main] o.h.c.internal.RegionFactoryInitiator    : HHH000026: Second-level cache disabled
2025-09-12T11:55:47.781-06:00  INFO 35636 --- [proyecto-paradigmas] [main] o.s.o.j.p.SpringPersistenceUnitInfo      : No LoadTimeWeaver setup: ignoring JPA class transformer
2025-09-12T11:55:47.801-06:00  INFO 35636 --- [proyecto-paradigmas] [main] com.zaxxer.hikari.HikariDataSource       : HikariPool-1 - Starting...
2025-09-12T11:55:48.219-06:00  INFO 35636 --- [proyecto-paradigmas] [main] com.zaxxer.hikari.pool.HikariPool        : HikariPool-1 - Added connection com.mysql.cj.jdbc.ConnectionImpl@12166229
2025-09-12T11:55:48.222-06:00  INFO 35636 --- [proyecto-paradigmas] [main] com.zaxxer.hikari.HikariDataSource       : HikariPool-1 - Start completed.
2025-09-12T11:55:48.356-06:00  INFO 35636 --- [proyecto-paradigmas] [main] org.hibernate.orm.connections.pooling    : HHH10001005: Database info:
	Database JDBC URL [Connecting through datasource 'HikariDataSource (HikariPool-1)']
	Database driver: undefined/unknown
	Database version: 9.3
	Autocommit mode: undefined/unknown
	Isolation level: undefined/unknown
	Minimum pool size: undefined/unknown
	Maximum pool size: undefined/unknown
2025-09-12T11:55:49.057-06:00  INFO 35636 --- [proyecto-paradigmas] [main] o.h.e.t.j.p.i.JtaPlatformInitiator       : HHH000489: No JTA platform available (set 'hibernate.transaction.jta.platform' to enable JTA platform integration)
2025-09-12T11:55:49.163-06:00  INFO 35636 --- [proyecto-paradigmas] [main] j.LocalContainerEntityManagerFactoryBean : Initialized JPA EntityManagerFactory for persistence unit 'default'
2025-09-12T11:55:49.386-06:00  WARN 35636 --- [proyecto-paradigmas] [main] JpaBaseConfiguration$JpaWebConfiguration : spring.jpa.open-in-view is enabled by default. Therefore, database queries may be performed during view rendering. Explicitly configure spring.jpa.open-in-view to disable this warning
2025-09-12T11:55:49.678-06:00  INFO 35636 --- [proyecto-paradigmas] [main] o.s.b.w.embedded.tomcat.TomcatWebServer  : Tomcat started on port 8080 (http) with context path '/'
2025-09-12T11:55:49.683-06:00  INFO 35636 --- [proyecto-paradigmas] [main] c.a.u.p.ProyectoParadigmasApplication    : Started ProyectoParadigmasApplication in 4.244 seconds (process running for 5.501)
2025-09-12T11:55:52.112-06:00  INFO 35636 --- [proyecto-paradigmas] [http-nio-8080-exec-1] o.a.c.c.C.[Tomcat].[localhost].[/]       : Initializing Spring DispatcherServlet 'dispatcherServlet'
2025-09-12T11:55:52.113-06:00  INFO 35636 --- [proyecto-paradigmas] [http-nio-8080-exec-1] o.s.web.servlet.DispatcherServlet        : Initializing Servlet 'dispatcherServlet'
2025-09-12T11:55:52.114-06:00  INFO 35636 --- [proyecto-paradigmas] [http-nio-8080-exec-1] o.s.web.servlet.DispatcherServlet        : Completed initialization in 0 ms
2025-09-12T11:55:52.179-06:00  INFO 35636 --- [proyecto-paradigmas] [http-nio-8080-exec-1] c.a.u.p.aspect.PersonaAspect             : Antes de  ejecutar cualquier método del controller :  findAll
2025-09-12T11:55:52.354-06:00  INFO 35636 --- [proyecto-paradigmas] [http-nio-8080-exec-1] c.a.u.p.aspect.PersonaAspect             : Después de de ejecutar cualquier método del controller : findAll
2025-09-12T11:56:04.276-06:00  INFO 35636 --- [proyecto-paradigmas] [http-nio-8080-exec-5] c.a.u.p.aspect.PersonaAspect             : Antes de  ejecutar cualquier método del controller :  findAll
2025-09-12T11:56:04.290-06:00  INFO 35636 --- [proyecto-paradigmas] [http-nio-8080-exec-5] c.a.u.p.aspect.PersonaAspect             : Después de de ejecutar cualquier método del controller : findAll
2025-09-12T12:06:39.938-06:00  INFO 35636 --- [proyecto-paradigmas] [SpringApplicationShutdownHook] o.s.b.w.e.tomcat.GracefulShutdown        : Commencing graceful shutdown. Waiting for active requests to complete
2025-09-12T12:06:40.045-06:00  INFO 35636 --- [proyecto-paradigmas] [tomcat-shutdown] o.s.b.w.e.tomcat.GracefulShutdown        : Graceful shutdown complete
2025-09-12T12:06:40.160-06:00  INFO 35636 --- [proyecto-paradigmas] [SpringApplicationShutdownHook] j.LocalContainerEntityManagerFactoryBean : Closing JPA EntityManagerFactory for persistence unit 'default'
2025-09-12T12:06:40.248-06:00  INFO 35636 --- [proyecto-paradigmas] [SpringApplicationShutdownHook] com.zaxxer.hikari.HikariDataSource       : HikariPool-1 - Shutdown initiated...
2025-09-12T12:06:40.396-06:00  INFO 35636 --- [proyecto-paradigmas] [SpringApplicationShutdownHook] com.zaxxer.hikari.HikariDataSource       : HikariPool-1 - Shutdown completed.
